<?xml version="1.0" encoding="UTF-8"?>
<testsuite xmlns:xsi="http://www.w3.org/2001/XMLSchema-instance" xsi:noNamespaceSchemaLocation="https://maven.apache.org/surefire/maven-surefire-plugin/xsd/surefire-test-report-3.0.xsd" version="3.0" name="ru.vlsu.lr3.ProjectDAOImplTest" time="0.655" tests="5" errors="0" skipped="0" failures="0">
  <properties>
[...]
</properties>
  <testcase name="testGetAllProject" classname="ru.vlsu.lr3.ProjectDAOImplTest" time="0.596">
    <system-out><![CDATA[14:34:48.570 [main] DEBUG com.zaxxer.hikari.HikariConfig - HikariPool-1 - configuration:
14:34:48.592 [main] DEBUG com.zaxxer.hikari.HikariConfig - allowPoolSuspension.............false
14:34:48.592 [main] DEBUG com.zaxxer.hikari.HikariConfig - autoCommit......................true
14:34:48.592 [main] DEBUG com.zaxxer.hikari.HikariConfig - catalog.........................none
14:34:48.592 [main] DEBUG com.zaxxer.hikari.HikariConfig - connectionInitSql...............none
14:34:48.593 [main] DEBUG com.zaxxer.hikari.HikariConfig - connectionTestQuery.............none
14:34:48.593 [main] DEBUG com.zaxxer.hikari.HikariConfig - connectionTimeout...............30000
14:34:48.593 [main] DEBUG com.zaxxer.hikari.HikariConfig - dataSource......................none
14:34:48.593 [main] DEBUG com.zaxxer.hikari.HikariConfig - dataSourceClassName.............none
14:34:48.593 [main] DEBUG com.zaxxer.hikari.HikariConfig - dataSourceJNDI..................none
14:34:48.594 [main] DEBUG com.zaxxer.hikari.HikariConfig - dataSourceProperties............{password=<masked>, prepStmtCacheSqlLimit=2048, cachePrepStmts=true, prepStmtCacheSize=250}
14:34:48.594 [main] DEBUG com.zaxxer.hikari.HikariConfig - driverClassName.................none
14:34:48.594 [main] DEBUG com.zaxxer.hikari.HikariConfig - exceptionOverrideClassName......none
14:34:48.595 [main] DEBUG com.zaxxer.hikari.HikariConfig - healthCheckProperties...........{}
14:34:48.595 [main] DEBUG com.zaxxer.hikari.HikariConfig - healthCheckRegistry.............none
14:34:48.595 [main] DEBUG com.zaxxer.hikari.HikariConfig - idleTimeout.....................600000
14:34:48.595 [main] DEBUG com.zaxxer.hikari.HikariConfig - initializationFailTimeout.......1
14:34:48.595 [main] DEBUG com.zaxxer.hikari.HikariConfig - isolateInternalQueries..........false
14:34:48.596 [main] DEBUG com.zaxxer.hikari.HikariConfig - jdbcUrl.........................jdbc:postgresql://localhost:5432/ad
14:34:48.596 [main] DEBUG com.zaxxer.hikari.HikariConfig - keepaliveTime...................0
14:34:48.596 [main] DEBUG com.zaxxer.hikari.HikariConfig - leakDetectionThreshold..........0
14:34:48.596 [main] DEBUG com.zaxxer.hikari.HikariConfig - maxLifetime.....................1800000
14:34:48.596 [main] DEBUG com.zaxxer.hikari.HikariConfig - maximumPoolSize.................10
14:34:48.596 [main] DEBUG com.zaxxer.hikari.HikariConfig - metricRegistry..................none
14:34:48.597 [main] DEBUG com.zaxxer.hikari.HikariConfig - metricsTrackerFactory...........none
14:34:48.597 [main] DEBUG com.zaxxer.hikari.HikariConfig - minimumIdle.....................10
14:34:48.597 [main] DEBUG com.zaxxer.hikari.HikariConfig - password........................<masked>
14:34:48.600 [main] DEBUG com.zaxxer.hikari.HikariConfig - poolName........................"HikariPool-1"
14:34:48.600 [main] DEBUG com.zaxxer.hikari.HikariConfig - readOnly........................false
14:34:48.601 [main] DEBUG com.zaxxer.hikari.HikariConfig - registerMbeans..................false
14:34:48.601 [main] DEBUG com.zaxxer.hikari.HikariConfig - scheduledExecutor...............none
14:34:48.601 [main] DEBUG com.zaxxer.hikari.HikariConfig - schema..........................none
14:34:48.601 [main] DEBUG com.zaxxer.hikari.HikariConfig - threadFactory...................internal
14:34:48.602 [main] DEBUG com.zaxxer.hikari.HikariConfig - transactionIsolation............default
14:34:48.602 [main] DEBUG com.zaxxer.hikari.HikariConfig - username........................"postgres"
14:34:48.602 [main] DEBUG com.zaxxer.hikari.HikariConfig - validationTimeout...............5000
14:34:48.604 [main] INFO com.zaxxer.hikari.HikariDataSource - HikariPool-1 - Starting...
14:34:48.616 [main] DEBUG com.zaxxer.hikari.util.DriverDataSource - Loaded driver with class name org.postgresql.Driver for jdbcUrl=jdbc:postgresql://localhost:5432/ad
14:34:49.014 [main] INFO com.zaxxer.hikari.pool.HikariPool - HikariPool-1 - Added connection org.postgresql.jdbc.PgConnection@2dc9b0f5
14:34:49.017 [main] INFO com.zaxxer.hikari.HikariDataSource - HikariPool-1 - Start completed.
Inserted Project ID: 53
]]></system-out>
  </testcase>
  <testcase name="testGetProject" classname="ru.vlsu.lr3.ProjectDAOImplTest" time="0.005">
    <system-out><![CDATA[Inserted Project ID: 54
]]></system-out>
  </testcase>
  <testcase name="testUpdateProject" classname="ru.vlsu.lr3.ProjectDAOImplTest" time="0.006">
    <system-out><![CDATA[Inserted Project ID: 55
]]></system-out>
  </testcase>
  <testcase name="testAddProject" classname="ru.vlsu.lr3.ProjectDAOImplTest" time="0.003">
    <system-out><![CDATA[Inserted Project ID: 56
]]></system-out>
  </testcase>
  <testcase name="testDeleteProject" classname="ru.vlsu.lr3.ProjectDAOImplTest" time="0.004">
    <system-out><![CDATA[Inserted Project ID: 57
]]></system-out>
  </testcase>
</testsuite>